TimeTrackerKMP — копия/composeApp/build/intermediates/manifest_merge_blame_file/debug/manifest-merger-blame-debug-report.txt
1<?xml version="1.0" encoding="utf-8"?>
2<manifest xmlns:android="http://schemas.android.com/apk/res/android"
3    package="org.example.timetracker"
4    android:versionCode="1"
5    android:versionName="1.0" >
6
7    <uses-sdk
8        android:minSdkVersion="24"
9        android:targetSdkVersion="34" />
10
11    <permission
11-->[androidx.core:core:1.13.1] AndroidManifest.xml:22:5-24:47
12        android:name="org.example.timetracker.DYNAMIC_RECEIVER_NOT_EXPORTED_PERMISSION"
12-->[androidx.core:core:1.13.1] AndroidManifest.xml:23:9-81
13        android:protectionLevel="signature" />
13-->[androidx.core:core:1.13.1] AndroidManifest.xml:24:9-44
14
15    <uses-permission android:name="org.example.timetracker.DYNAMIC_RECEIVER_NOT_EXPORTED_PERMISSION" />
15-->[androidx.core:core:1.13.1] AndroidManifest.xml:26:5-97
15-->[androidx.core:core:1.13.1] AndroidManifest.xml:26:22-94
16
17    <application
17-->src\androidMain\AndroidManifest.xml:3:5-18:19
18        android:allowBackup="true"
18-->src\androidMain\AndroidManifest.xml:4:9-35
19        android:appComponentFactory="androidx.core.app.CoreComponentFactory"
19-->[androidx.core:core:1.13.1] AndroidManifest.xml:28:18-86
20        android:debuggable="true"
21        android:extractNativeLibs="false"
22        android:icon="@android:drawable/sym_def_app_icon"
22-->src\androidMain\AndroidManifest.xml:5:9-58
23        android:label="Time Tracker KMP"
23-->src\androidMain\AndroidManifest.xml:6:9-41
24        android:roundIcon="@android:drawable/sym_def_app_icon"
24-->src\androidMain\AndroidManifest.xml:7:9-63
25        android:supportsRtl="true"
25-->src\androidMain\AndroidManifest.xml:8:9-35
26        android:testOnly="true"
27        android:theme="@android:style/Theme.Material.Light.NoActionBar" >
27-->src\androidMain\AndroidManifest.xml:9:9-72
28        <activity
28-->src\androidMain\AndroidManifest.xml:10:9-17:20
29            android:name="org.example.timetracker.MainActivity"
29-->src\androidMain\AndroidManifest.xml:11:13-41
30            android:exported="true" >
30-->src\androidMain\AndroidManifest.xml:12:13-36
31            <intent-filter>
31-->src\androidMain\AndroidManifest.xml:13:13-16:29
32                <action android:name="android.intent.action.MAIN" />
32-->src\androidMain\AndroidManifest.xml:14:17-69
32-->src\androidMain\AndroidManifest.xml:14:25-66
33
34                <category android:name="android.intent.category.LAUNCHER" />
34-->src\androidMain\AndroidManifest.xml:15:17-77
34-->src\androidMain\AndroidManifest.xml:15:27-74
35            </intent-filter>
36        </activity>
37
38        <provider
38-->[org.jetbrains.compose.components:components-resources-android:1.7.0] AndroidManifest.xml:8:9-13:20
39            android:name="org.jetbrains.compose.resources.AndroidContextProvider"
39-->[org.jetbrains.compose.components:components-resources-android:1.7.0] AndroidManifest.xml:9:13-82
40            android:authorities="org.example.timetracker.resources.AndroidContextProvider"
40-->[org.jetbrains.compose.components:components-resources-android:1.7.0] AndroidManifest.xml:10:13-84
41            android:enabled="true"
41-->[org.jetbrains.compose.components:components-resources-android:1.7.0] AndroidManifest.xml:11:13-35
42            android:exported="false" >
42-->[org.jetbrains.compose.components:components-resources-android:1.7.0] AndroidManifest.xml:12:13-37
43        </provider>
44
45        <activity
45-->[androidx.compose.ui:ui-tooling-android:1.7.1] AndroidManifest.xml:23:9-25:39
46            android:name="androidx.compose.ui.tooling.PreviewActivity"
46-->[androidx.compose.ui:ui-tooling-android:1.7.1] AndroidManifest.xml:24:13-71
47            android:exported="true" />
47-->[androidx.compose.ui:ui-tooling-android:1.7.1] AndroidManifest.xml:25:13-36
48
49        <provider
49-->[androidx.emoji2:emoji2:1.3.0] AndroidManifest.xml:24:9-32:20
50            android:name="androidx.startup.InitializationProvider"
50-->[androidx.emoji2:emoji2:1.3.0] AndroidManifest.xml:25:13-67
51            android:authorities="org.example.timetracker.androidx-startup"
51-->[androidx.emoji2:emoji2:1.3.0] AndroidManifest.xml:26:13-68
52            android:exported="false" >
52-->[androidx.emoji2:emoji2:1.3.0] AndroidManifest.xml:27:13-37
53            <meta-data
53-->[androidx.emoji2:emoji2:1.3.0] AndroidManifest.xml:29:13-31:52
54                android:name="androidx.emoji2.text.EmojiCompatInitializer"
54-->[androidx.emoji2:emoji2:1.3.0] AndroidManifest.xml:30:17-75
55                android:value="androidx.startup" />
55-->[androidx.emoji2:emoji2:1.3.0] AndroidManifest.xml:31:17-49
56            <meta-data
56-->[androidx.lifecycle:lifecycle-process:2.8.5] AndroidManifest.xml:29:13-31:52
57                android:name="androidx.lifecycle.ProcessLifecycleInitializer"
57-->[androidx.lifecycle:lifecycle-process:2.8.5] AndroidManifest.xml:30:17-78
58                android:value="androidx.startup" />
58-->[androidx.lifecycle:lifecycle-process:2.8.5] AndroidManifest.xml:31:17-49
59            <meta-data
59-->[androidx.profileinstaller:profileinstaller:1.3.1] AndroidManifest.xml:29:13-31:52
60                android:name="androidx.profileinstaller.ProfileInstallerInitializer"
60-->[androidx.profileinstaller:profileinstaller:1.3.1] AndroidManifest.xml:30:17-85
61                android:value="androidx.startup" />
61-->[androidx.profileinstaller:profileinstaller:1.3.1] AndroidManifest.xml:31:17-49
62        </provider>
63
64        <receiver
64-->[androidx.profileinstaller:profileinstaller:1.3.1] AndroidManifest.xml:34:9-52:20
65            android:name="androidx.profileinstaller.ProfileInstallReceiver"
65-->[androidx.profileinstaller:profileinstaller:1.3.1] AndroidManifest.xml:35:13-76
66            android:directBootAware="false"
66-->[androidx.profileinstaller:profileinstaller:1.3.1] AndroidManifest.xml:36:13-44
67            android:enabled="true"
67-->[androidx.profileinstaller:profileinstaller:1.3.1] AndroidManifest.xml:37:13-35
68            android:exported="true"
68-->[androidx.profileinstaller:profileinstaller:1.3.1] AndroidManifest.xml:38:13-36
69            android:permission="android.permission.DUMP" >
69-->[androidx.profileinstaller:profileinstaller:1.3.1] AndroidManifest.xml:39:13-57
70            <intent-filter>
70-->[androidx.profileinstaller:profileinstaller:1.3.1] AndroidManifest.xml:40:13-42:29
71                <action android:name="androidx.profileinstaller.action.INSTALL_PROFILE" />
71-->[androidx.profileinstaller:profileinstaller:1.3.1] AndroidManifest.xml:41:17-91
71-->[androidx.profileinstaller:profileinstaller:1.3.1] AndroidManifest.xml:41:25-88
72            </intent-filter>
73            <intent-filter>
73-->[androidx.profileinstaller:profileinstaller:1.3.1] AndroidManifest.xml:43:13-45:29
74                <action android:name="androidx.profileinstaller.action.SKIP_FILE" />
74-->[androidx.profileinstaller:profileinstaller:1.3.1] AndroidManifest.xml:44:17-85
74-->[androidx.profileinstaller:profileinstaller:1.3.1] AndroidManifest.xml:44:25-82
75            </intent-filter>
76            <intent-filter>
76-->[androidx.profileinstaller:profileinstaller:1.3.1] AndroidManifest.xml:46:13-48:29
77                <action android:name="androidx.profileinstaller.action.SAVE_PROFILE" />
77-->[androidx.profileinstaller:profileinstaller:1.3.1] AndroidManifest.xml:47:17-88
77-->[androidx.profileinstaller:profileinstaller:1.3.1] AndroidManifest.xml:47:25-85
78            </intent-filter>
79            <intent-filter>
79-->[androidx.profileinstaller:profileinstaller:1.3.1] AndroidManifest.xml:49:13-51:29
80                <action android:name="androidx.profileinstaller.action.BENCHMARK_OPERATION" />
80-->[androidx.profileinstaller:profileinstaller:1.3.1] AndroidManifest.xml:50:17-95
80-->[androidx.profileinstaller:profileinstaller:1.3.1] AndroidManifest.xml:50:25-92
81            </intent-filter>
82        </receiver>
83    </application>
84
85</manifest>